{"C:\\IITC\\5.9project\\server.js": {"path":"C:\\IITC\\5.9project\\server.js","statementMap":{"0":{"start":{"line":1,"column":16},"end":{"line":1,"column":34}},"1":{"start":{"line":2,"column":12},"end":{"line":2,"column":28}},"2":{"start":{"line":3,"column":14},"end":{"line":3,"column":30}},"3":{"start":{"line":4,"column":0},"end":{"line":4,"column":27}},"4":{"start":{"line":6,"column":12},"end":{"line":6,"column":21}},"5":{"start":{"line":7,"column":13},"end":{"line":7,"column":17}},"6":{"start":{"line":10,"column":17},"end":{"line":25,"column":3}},"7":{"start":{"line":28,"column":0},"end":{"line":43,"column":3}},"8":{"start":{"line":29,"column":4},"end":{"line":43,"column":1}},"9":{"start":{"line":31,"column":25},"end":{"line":31,"column":77}},"10":{"start":{"line":33,"column":8},"end":{"line":36,"column":11}},"11":{"start":{"line":41,"column":8},"end":{"line":41,"column":31}},"12":{"start":{"line":42,"column":8},"end":{"line":42,"column":45}},"13":{"start":{"line":45,"column":0},"end":{"line":80,"column":9}},"14":{"start":{"line":46,"column":4},"end":{"line":79,"column":9}},"15":{"start":{"line":47,"column":19},"end":{"line":47,"column":32}},"16":{"start":{"line":49,"column":25},"end":{"line":49,"column":83}},"17":{"start":{"line":51,"column":8},"end":{"line":54,"column":11}},"18":{"start":{"line":56,"column":8},"end":{"line":75,"column":11}},"19":{"start":{"line":57,"column":12},"end":{"line":65,"column":15}},"20":{"start":{"line":67,"column":12},"end":{"line":74,"column":15}},"21":{"start":{"line":77,"column":10},"end":{"line":77,"column":42}},"22":{"start":{"line":78,"column":10},"end":{"line":78,"column":47}},"23":{"start":{"line":83,"column":6},"end":{"line":98,"column":7}},"24":{"start":{"line":84,"column":8},"end":{"line":98,"column":5}},"25":{"start":{"line":86,"column":29},"end":{"line":86,"column":78}},"26":{"start":{"line":88,"column":12},"end":{"line":91,"column":15}},"27":{"start":{"line":96,"column":12},"end":{"line":96,"column":35}},"28":{"start":{"line":97,"column":12},"end":{"line":97,"column":49}},"29":{"start":{"line":102,"column":4},"end":{"line":140,"column":5}},"30":{"start":{"line":103,"column":6},"end":{"line":139,"column":5}},"31":{"start":{"line":104,"column":23},"end":{"line":104,"column":36}},"32":{"start":{"line":107,"column":23},"end":{"line":107,"column":39}},"33":{"start":{"line":108,"column":26},"end":{"line":108,"column":45}},"34":{"start":{"line":109,"column":25},"end":{"line":109,"column":43}},"35":{"start":{"line":111,"column":8},"end":{"line":111,"column":65}},"36":{"start":{"line":112,"column":8},"end":{"line":112,"column":69}},"37":{"start":{"line":115,"column":32},"end":{"line":119,"column":9}},"38":{"start":{"line":121,"column":8},"end":{"line":121,"column":59}},"39":{"start":{"line":124,"column":21},"end":{"line":127,"column":7}},"40":{"start":{"line":129,"column":6},"end":{"line":129,"column":55}},"41":{"start":{"line":132,"column":6},"end":{"line":135,"column":9}},"42":{"start":{"line":137,"column":6},"end":{"line":137,"column":38}},"43":{"start":{"line":138,"column":6},"end":{"line":138,"column":43}},"44":{"start":{"line":144,"column":0},"end":{"line":180,"column":3}},"45":{"start":{"line":145,"column":4},"end":{"line":179,"column":3}},"46":{"start":{"line":148,"column":20},"end":{"line":148,"column":35}},"47":{"start":{"line":149,"column":20},"end":{"line":149,"column":35}},"48":{"start":{"line":150,"column":26},"end":{"line":150,"column":47}},"49":{"start":{"line":151,"column":19},"end":{"line":151,"column":34}},"50":{"start":{"line":152,"column":23},"end":{"line":152,"column":41}},"51":{"start":{"line":162,"column":23},"end":{"line":162,"column":76}},"52":{"start":{"line":163,"column":25},"end":{"line":169,"column":9}},"53":{"start":{"line":172,"column":4},"end":{"line":175,"column":7}},"54":{"start":{"line":177,"column":4},"end":{"line":177,"column":36}},"55":{"start":{"line":178,"column":4},"end":{"line":178,"column":41}},"56":{"start":{"line":188,"column":0},"end":{"line":190,"column":3}},"57":{"start":{"line":189,"column":4},"end":{"line":189,"column":65}},"58":{"start":{"line":192,"column":0},"end":{"line":192,"column":21}}},"fnMap":{"0":{"name":"(anonymous_0)","decl":{"start":{"line":28,"column":18},"end":{"line":28,"column":19}},"loc":{"start":{"line":28,"column":38},"end":{"line":43,"column":2}},"line":28},"1":{"name":"(anonymous_1)","decl":{"start":{"line":45,"column":22},"end":{"line":45,"column":23}},"loc":{"start":{"line":45,"column":42},"end":{"line":80,"column":7}},"line":45},"2":{"name":"(anonymous_2)","decl":{"start":{"line":83,"column":27},"end":{"line":83,"column":28}},"loc":{"start":{"line":83,"column":47},"end":{"line":98,"column":6}},"line":83},"3":{"name":"(anonymous_3)","decl":{"start":{"line":102,"column":33},"end":{"line":102,"column":34}},"loc":{"start":{"line":102,"column":53},"end":{"line":140,"column":3}},"line":102},"4":{"name":"(anonymous_4)","decl":{"start":{"line":144,"column":28},"end":{"line":144,"column":29}},"loc":{"start":{"line":144,"column":48},"end":{"line":180,"column":1}},"line":144},"5":{"name":"(anonymous_5)","decl":{"start":{"line":188,"column":17},"end":{"line":188,"column":18}},"loc":{"start":{"line":188,"column":23},"end":{"line":190,"column":1}},"line":188}},"branchMap":{"0":{"loc":{"start":{"line":56,"column":8},"end":{"line":75,"column":11}},"type":"if","locations":[{"start":{"line":56,"column":8},"end":{"line":75,"column":11}},{"start":{"line":66,"column":17},"end":{"line":75,"column":11}}],"line":56}},"s":{"0":1,"1":1,"2":1,"3":1,"4":1,"5":1,"6":1,"7":1,"8":1,"9":1,"10":1,"11":0,"12":0,"13":1,"14":1,"15":1,"16":1,"17":1,"18":1,"19":0,"20":1,"21":1,"22":1,"23":1,"24":1,"25":1,"26":1,"27":0,"28":0,"29":1,"30":1,"31":1,"32":1,"33":1,"34":1,"35":1,"36":1,"37":1,"38":1,"39":1,"40":0,"41":0,"42":1,"43":1,"44":1,"45":1,"46":1,"47":1,"48":1,"49":1,"50":1,"51":1,"52":1,"53":1,"54":0,"55":0,"56":1,"57":1,"58":1},"f":{"0":1,"1":1,"2":1,"3":1,"4":1,"5":1},"b":{"0":[0,1]},"_coverageSchema":"1a1c01bbd47fc00a2c39e90264f33305004495a9","hash":"4e0942bf4f7ea0ec22057346893e4071c7381bf8"}
}
