TN:
SF:server.js
FN:28,(anonymous_0)
FN:45,(anonymous_1)
FN:83,(anonymous_2)
FN:102,(anonymous_3)
FN:144,(anonymous_4)
FN:188,(anonymous_5)
FNF:6
FNH:6
FNDA:1,(anonymous_0)
FNDA:1,(anonymous_1)
FNDA:1,(anonymous_2)
FNDA:1,(anonymous_3)
FNDA:1,(anonymous_4)
FNDA:1,(anonymous_5)
DA:1,1
DA:2,1
DA:3,1
DA:4,1
DA:6,1
DA:7,1
DA:10,1
DA:28,1
DA:29,1
DA:31,1
DA:33,1
DA:41,0
DA:42,0
DA:45,1
DA:46,1
DA:47,1
DA:49,1
DA:51,1
DA:56,1
DA:57,0
DA:67,1
DA:77,1
DA:78,1
DA:83,1
DA:84,1
DA:86,1
DA:88,1
DA:96,0
DA:97,0
DA:102,1
DA:103,1
DA:104,1
DA:107,1
DA:108,1
DA:109,1
DA:111,1
DA:112,1
DA:115,1
DA:121,1
DA:124,1
DA:129,0
DA:132,0
DA:137,1
DA:138,1
DA:144,1
DA:145,1
DA:148,1
DA:149,1
DA:150,1
DA:151,1
DA:152,1
DA:162,1
DA:163,1
DA:172,1
DA:177,0
DA:178,0
DA:188,1
DA:189,1
DA:192,1
LF:59
LH:50
BRDA:56,0,0,0
BRDA:56,0,1,1
BRF:2
BRH:1
end_of_record
