<?xml version="1.0" encoding="UTF-8"?>
<coverage generated="1725444550107" clover="3.2.0">
  <project timestamp="1725444550108" name="All files">
    <metrics statements="26" coveredstatements="23" conditionals="2" coveredconditionals="2" methods="5" coveredmethods="5" elements="33" coveredelements="30" complexity="0" loc="26" ncloc="26" packages="1" files="1" classes="1"/>
    <file name="server.js" path="C:\IITC\4.9\server.js">
      <metrics statements="26" coveredstatements="23" conditionals="2" coveredconditionals="2" methods="5" coveredmethods="5"/>
      <line num="1" count="1" type="stmt"/>
      <line num="2" count="1" type="stmt"/>
      <line num="3" count="1" type="stmt"/>
      <line num="4" count="1" type="stmt"/>
      <line num="6" count="1" type="stmt"/>
      <line num="7" count="1" type="stmt"/>
      <line num="9" count="1" type="stmt"/>
      <line num="25" count="1" type="stmt"/>
      <line num="27" count="1" type="stmt"/>
      <line num="28" count="1" type="stmt"/>
      <line num="29" count="2" type="cond" truecount="2" falsecount="0"/>
      <line num="30" count="1" type="stmt"/>
      <line num="33" count="0" type="stmt"/>
      <line num="36" count="1" type="stmt"/>
      <line num="37" count="4" type="stmt"/>
      <line num="41" count="1" type="stmt"/>
      <line num="42" count="2" type="stmt"/>
      <line num="49" count="2" type="stmt"/>
      <line num="50" count="2" type="stmt"/>
      <line num="56" count="2" type="stmt"/>
      <line num="58" count="2" type="stmt"/>
      <line num="66" count="0" type="stmt"/>
      <line num="67" count="0" type="stmt"/>
      <line num="72" count="1" type="stmt"/>
      <line num="73" count="1" type="stmt"/>
      <line num="76" count="1" type="stmt"/>
    </file>
  </project>
</coverage>
