{"C:\\IITC\\4.9\\server.js": {"path":"C:\\IITC\\4.9\\server.js","statementMap":{"0":{"start":{"line":1,"column":16},"end":{"line":1,"column":34}},"1":{"start":{"line":2,"column":12},"end":{"line":2,"column":28}},"2":{"start":{"line":3,"column":14},"end":{"line":3,"column":30}},"3":{"start":{"line":4,"column":0},"end":{"line":4,"column":27}},"4":{"start":{"line":6,"column":12},"end":{"line":6,"column":21}},"5":{"start":{"line":7,"column":13},"end":{"line":7,"column":17}},"6":{"start":{"line":9,"column":17},"end":{"line":24,"column":3}},"7":{"start":{"line":25,"column":0},"end":{"line":25,"column":40}},"8":{"start":{"line":25,"column":22},"end":{"line":25,"column":38}},"9":{"start":{"line":27,"column":0},"end":{"line":34,"column":3}},"10":{"start":{"line":28,"column":4},"end":{"line":32,"column":5}},"11":{"start":{"line":28,"column":17},"end":{"line":28,"column":18}},"12":{"start":{"line":29,"column":6},"end":{"line":31,"column":7}},"13":{"start":{"line":30,"column":8},"end":{"line":30,"column":31}},"14":{"start":{"line":33,"column":4},"end":{"line":33,"column":16}},"15":{"start":{"line":36,"column":0},"end":{"line":38,"column":1}},"16":{"start":{"line":37,"column":4},"end":{"line":37,"column":17}},"17":{"start":{"line":41,"column":0},"end":{"line":69,"column":3}},"18":{"start":{"line":42,"column":4},"end":{"line":68,"column":5}},"19":{"start":{"line":49,"column":23},"end":{"line":49,"column":78}},"20":{"start":{"line":50,"column":21},"end":{"line":53,"column":9}},"21":{"start":{"line":56,"column":25},"end":{"line":56,"column":101}},"22":{"start":{"line":58,"column":8},"end":{"line":61,"column":11}},"23":{"start":{"line":66,"column":8},"end":{"line":66,"column":40}},"24":{"start":{"line":67,"column":8},"end":{"line":67,"column":45}},"25":{"start":{"line":72,"column":0},"end":{"line":74,"column":3}},"26":{"start":{"line":73,"column":4},"end":{"line":73,"column":65}},"27":{"start":{"line":76,"column":0},"end":{"line":76,"column":21}}},"fnMap":{"0":{"name":"(anonymous_0)","decl":{"start":{"line":25,"column":10},"end":{"line":25,"column":11}},"loc":{"start":{"line":25,"column":21},"end":{"line":25,"column":39}},"line":25},"1":{"name":"(anonymous_1)","decl":{"start":{"line":27,"column":20},"end":{"line":27,"column":21}},"loc":{"start":{"line":27,"column":43},"end":{"line":34,"column":3}},"line":27},"2":{"name":"(anonymous_2)","decl":{"start":{"line":36,"column":10},"end":{"line":36,"column":11}},"loc":{"start":{"line":36,"column":18},"end":{"line":38,"column":1}},"line":36},"3":{"name":"(anonymous_3)","decl":{"start":{"line":41,"column":17},"end":{"line":41,"column":18}},"loc":{"start":{"line":41,"column":37},"end":{"line":69,"column":1}},"line":41},"4":{"name":"(anonymous_4)","decl":{"start":{"line":72,"column":17},"end":{"line":72,"column":18}},"loc":{"start":{"line":72,"column":23},"end":{"line":74,"column":1}},"line":72}},"branchMap":{"0":{"loc":{"start":{"line":29,"column":6},"end":{"line":31,"column":7}},"type":"if","locations":[{"start":{"line":29,"column":6},"end":{"line":31,"column":7}},{"start":{},"end":{}}],"line":29}},"s":{"0":1,"1":1,"2":1,"3":1,"4":1,"5":1,"6":1,"7":1,"8":1,"9":1,"10":1,"11":1,"12":2,"13":1,"14":0,"15":1,"16":4,"17":1,"18":2,"19":2,"20":2,"21":2,"22":2,"23":0,"24":0,"25":1,"26":1,"27":1},"f":{"0":1,"1":1,"2":4,"3":2,"4":1},"b":{"0":[1,1]},"_coverageSchema":"1a1c01bbd47fc00a2c39e90264f33305004495a9","hash":"80ee40a8f37e066de5e0b4851797860f04505ed9"}
}
