TN:
SF:server.js
FN:25,(anonymous_0)
FN:27,(anonymous_1)
FN:36,(anonymous_2)
FN:41,(anonymous_3)
FN:72,(anonymous_4)
FNF:5
FNH:5
FNDA:1,(anonymous_0)
FNDA:1,(anonymous_1)
FNDA:4,(anonymous_2)
FNDA:2,(anonymous_3)
FNDA:1,(anonymous_4)
DA:1,1
DA:2,1
DA:3,1
DA:4,1
DA:6,1
DA:7,1
DA:9,1
DA:25,1
DA:27,1
DA:28,1
DA:29,2
DA:30,1
DA:33,0
DA:36,1
DA:37,4
DA:41,1
DA:42,2
DA:49,2
DA:50,2
DA:56,2
DA:58,2
DA:66,0
DA:67,0
DA:72,1
DA:73,1
DA:76,1
LF:26
LH:23
BRDA:29,0,0,1
BRDA:29,0,1,1
BRF:2
BRH:2
end_of_record
